<?xml version="1.0" encoding="UTF-8"?>
<coverage generated="1620180032477" clover="3.2.0">
  <project timestamp="1620180032477" name="All files">
    <metrics statements="16" coveredstatements="16" conditionals="0" coveredconditionals="0" methods="4" coveredmethods="4" elements="20" coveredelements="20" complexity="0" loc="16" ncloc="16" packages="1" files="4" classes="4"/>
    <file name="Employee.js" path="/Users/laurenbriggs/web-development/WEEK_10/team-profile-generator/lib/Employee.js">
      <metrics statements="4" coveredstatements="4" conditionals="0" coveredconditionals="0" methods="1" coveredmethods="1"/>
      <line num="3" count="4" type="stmt"/>
      <line num="4" count="4" type="stmt"/>
      <line num="5" count="4" type="stmt"/>
      <line num="9" count="4" type="stmt"/>
    </file>
    <file name="Engineer.js" path="/Users/laurenbriggs/web-development/WEEK_10/team-profile-generator/lib/Engineer.js">
      <metrics statements="4" coveredstatements="4" conditionals="0" coveredconditionals="0" methods="1" coveredmethods="1"/>
      <line num="1" count="1" type="stmt"/>
      <line num="5" count="1" type="stmt"/>
      <line num="6" count="1" type="stmt"/>
      <line num="10" count="1" type="stmt"/>
    </file>
    <file name="Intern.js" path="/Users/laurenbriggs/web-development/WEEK_10/team-profile-generator/lib/Intern.js">
      <metrics statements="4" coveredstatements="4" conditionals="0" coveredconditionals="0" methods="1" coveredmethods="1"/>
      <line num="1" count="1" type="stmt"/>
      <line num="5" count="1" type="stmt"/>
      <line num="6" count="1" type="stmt"/>
      <line num="10" count="1" type="stmt"/>
    </file>
    <file name="Manager.js" path="/Users/laurenbriggs/web-development/WEEK_10/team-profile-generator/lib/Manager.js">
      <metrics statements="4" coveredstatements="4" conditionals="0" coveredconditionals="0" methods="1" coveredmethods="1"/>
      <line num="1" count="1" type="stmt"/>
      <line num="5" count="1" type="stmt"/>
      <line num="6" count="1" type="stmt"/>
      <line num="10" count="1" type="stmt"/>
    </file>
  </project>
</coverage>
