{"/Users/laurenbriggs/web-development/WEEK_10/team-profile-generator/lib/Employee.js": {"path":"/Users/laurenbriggs/web-development/WEEK_10/team-profile-generator/lib/Employee.js","statementMap":{"0":{"start":{"line":3,"column":8},"end":{"line":3,"column":25}},"1":{"start":{"line":4,"column":8},"end":{"line":4,"column":21}},"2":{"start":{"line":5,"column":8},"end":{"line":5,"column":27}},"3":{"start":{"line":9,"column":0},"end":{"line":9,"column":26}}},"fnMap":{"0":{"name":"(anonymous_0)","decl":{"start":{"line":2,"column":4},"end":{"line":2,"column":5}},"loc":{"start":{"line":2,"column":33},"end":{"line":6,"column":5}},"line":2}},"branchMap":{},"s":{"0":4,"1":4,"2":4,"3":4},"f":{"0":4},"b":{},"_coverageSchema":"1a1c01bbd47fc00a2c39e90264f33305004495a9","hash":"2b29d8c2f6dc77eb3d47fef921ca42438fe77fe1"}
,"/Users/laurenbriggs/web-development/WEEK_10/team-profile-generator/lib/Engineer.js": {"path":"/Users/laurenbriggs/web-development/WEEK_10/team-profile-generator/lib/Engineer.js","statementMap":{"0":{"start":{"line":1,"column":17},"end":{"line":1,"column":38}},"1":{"start":{"line":5,"column":8},"end":{"line":5,"column":31}},"2":{"start":{"line":6,"column":8},"end":{"line":6,"column":29}},"3":{"start":{"line":10,"column":0},"end":{"line":10,"column":26}}},"fnMap":{"0":{"name":"(anonymous_0)","decl":{"start":{"line":4,"column":4},"end":{"line":4,"column":5}},"loc":{"start":{"line":4,"column":41},"end":{"line":7,"column":5}},"line":4}},"branchMap":{},"s":{"0":1,"1":1,"2":1,"3":1},"f":{"0":1},"b":{},"_coverageSchema":"1a1c01bbd47fc00a2c39e90264f33305004495a9","hash":"1cc57ab94bc08005dd2883259623637aa968ab68"}
,"/Users/laurenbriggs/web-development/WEEK_10/team-profile-generator/lib/Intern.js": {"path":"/Users/laurenbriggs/web-development/WEEK_10/team-profile-generator/lib/Intern.js","statementMap":{"0":{"start":{"line":1,"column":17},"end":{"line":1,"column":38}},"1":{"start":{"line":5,"column":8},"end":{"line":5,"column":31}},"2":{"start":{"line":6,"column":8},"end":{"line":6,"column":29}},"3":{"start":{"line":10,"column":0},"end":{"line":10,"column":24}}},"fnMap":{"0":{"name":"(anonymous_0)","decl":{"start":{"line":4,"column":4},"end":{"line":4,"column":5}},"loc":{"start":{"line":4,"column":41},"end":{"line":7,"column":5}},"line":4}},"branchMap":{},"s":{"0":1,"1":1,"2":1,"3":1},"f":{"0":1},"b":{},"_coverageSchema":"1a1c01bbd47fc00a2c39e90264f33305004495a9","hash":"5a5618b2b16227f14d6a84676ae9cce3e4d482be"}
,"/Users/laurenbriggs/web-development/WEEK_10/team-profile-generator/lib/Manager.js": {"path":"/Users/laurenbriggs/web-development/WEEK_10/team-profile-generator/lib/Manager.js","statementMap":{"0":{"start":{"line":1,"column":17},"end":{"line":1,"column":38}},"1":{"start":{"line":5,"column":8},"end":{"line":5,"column":31}},"2":{"start":{"line":6,"column":8},"end":{"line":6,"column":29}},"3":{"start":{"line":10,"column":0},"end":{"line":10,"column":25}}},"fnMap":{"0":{"name":"(anonymous_0)","decl":{"start":{"line":4,"column":4},"end":{"line":4,"column":5}},"loc":{"start":{"line":4,"column":41},"end":{"line":7,"column":5}},"line":4}},"branchMap":{},"s":{"0":1,"1":1,"2":1,"3":1},"f":{"0":1},"b":{},"_coverageSchema":"1a1c01bbd47fc00a2c39e90264f33305004495a9","hash":"b049697b71e20ba301be6cb6bd69a4f0b83ecbb1"}
}
